<?xml version="1.0" encoding="UTF-8"?>
<!-- Generated by org.testng.reporters.JUnitReportReporter -->
<testsuite hostname="DESKTOP-NH39FHK" failures="0" tests="1" name="testCasees.LoginData" time="1.078" errors="0" timestamp="2023-01-24T17:53:56 IST" skipped="0">
  <testcase classname="testCasees.LoginData" name="testLoginData" time="1.078"/>
  <system-out/>
</testsuite> <!-- testCasees.LoginData -->
